[1026/123231.538:ERROR:ssl_client_socket_impl.cc(935)] handshake failed; returned -1, SSL error code 1, net_error -202
[1026/123231.810:ERROR:ssl_client_socket_impl.cc(935)] handshake failed; returned -1, SSL error code 1, net_error -202
[1026/123231.811:ERROR:ssl_client_socket_impl.cc(935)] handshake failed; returned -1, SSL error code 1, net_error -202
[1026/123231.815:ERROR:ssl_client_socket_impl.cc(935)] handshake failed; returned -1, SSL error code 1, net_error -202
[1026/123231.820:ERROR:ssl_client_socket_impl.cc(935)] handshake failed; returned -1, SSL error code 1, net_error -202
[1026/123231.823:ERROR:ssl_client_socket_impl.cc(935)] handshake failed; returned -1, SSL error code 1, net_error -202
[1026/123231.827:ERROR:ssl_client_socket_impl.cc(935)] handshake failed; returned -1, SSL error code 1, net_error -202
[1026/123231.830:ERROR:ssl_client_socket_impl.cc(935)] handshake failed; returned -1, SSL error code 1, net_error -202
[1026/123231.835:ERROR:ssl_client_socket_impl.cc(935)] handshake failed; returned -1, SSL error code 1, net_error -202
[1026/123231.840:ERROR:ssl_client_socket_impl.cc(935)] handshake failed; returned -1, SSL error code 1, net_error -202
[1026/123231.844:ERROR:ssl_client_socket_impl.cc(935)] handshake failed; returned -1, SSL error code 1, net_error -202
[1026/123231.847:ERROR:ssl_client_socket_impl.cc(935)] handshake failed; returned -1, SSL error code 1, net_error -202
[1026/123231.851:ERROR:ssl_client_socket_impl.cc(935)] handshake failed; returned -1, SSL error code 1, net_error -202
[1026/123231.861:ERROR:ssl_client_socket_impl.cc(935)] handshake failed; returned -1, SSL error code 1, net_error -202
[1026/123231.864:ERROR:ssl_client_socket_impl.cc(935)] handshake failed; returned -1, SSL error code 1, net_error -202
[1026/123231.868:ERROR:ssl_client_socket_impl.cc(935)] handshake failed; returned -1, SSL error code 1, net_error -202
[1026/123232.336:INFO:CONSOLE(0)] "Uncaught (in promise) #<Object>", source: https://127.0.0.1:56755/login/passphrase?passphrase=5f3c523c-a8c3-4edd-8050-4215d92f6cbc (0)
[1026/123232.353:ERROR:ssl_client_socket_impl.cc(935)] handshake failed; returned -1, SSL error code 1, net_error -202
[1026/123232.384:ERROR:ssl_client_socket_impl.cc(935)] handshake failed; returned -1, SSL error code 1, net_error -202
[1026/123232.535:ERROR:ssl_client_socket_impl.cc(935)] handshake failed; returned -1, SSL error code 1, net_error -202
[1026/130637.223:ERROR:ssl_client_socket_impl.cc(935)] handshake failed; returned -1, SSL error code 1, net_error -202
[1026/191614.231:ERROR:ssl_client_socket_impl.cc(935)] handshake failed; returned -1, SSL error code 1, net_error -202
[1026/191614.547:ERROR:ssl_client_socket_impl.cc(935)] handshake failed; returned -1, SSL error code 1, net_error -202
[1026/191614.550:ERROR:ssl_client_socket_impl.cc(935)] handshake failed; returned -1, SSL error code 1, net_error -202
[1026/191614.555:ERROR:ssl_client_socket_impl.cc(935)] handshake failed; returned -1, SSL error code 1, net_error -202
[1026/191614.559:ERROR:ssl_client_socket_impl.cc(935)] handshake failed; returned -1, SSL error code 1, net_error -202
[1026/191614.564:ERROR:ssl_client_socket_impl.cc(935)] handshake failed; returned -1, SSL error code 1, net_error -202
[1026/191614.573:ERROR:ssl_client_socket_impl.cc(935)] handshake failed; returned -1, SSL error code 1, net_error -202
[1026/191614.579:ERROR:ssl_client_socket_impl.cc(935)] handshake failed; returned -1, SSL error code 1, net_error -202
[1026/191614.587:ERROR:ssl_client_socket_impl.cc(935)] handshake failed; returned -1, SSL error code 1, net_error -202
[1026/191614.595:ERROR:ssl_client_socket_impl.cc(935)] handshake failed; returned -1, SSL error code 1, net_error -202
[1026/191614.601:ERROR:ssl_client_socket_impl.cc(935)] handshake failed; returned -1, SSL error code 1, net_error -202
[1026/191614.604:ERROR:ssl_client_socket_impl.cc(935)] handshake failed; returned -1, SSL error code 1, net_error -202
[1026/191615.104:INFO:CONSOLE(0)] "Uncaught (in promise) #<Object>", source: https://127.0.0.1:58620/login/passphrase?passphrase=a861c978-db0b-4cc6-8b00-00442b431d4d (0)
[1026/191615.123:ERROR:ssl_client_socket_impl.cc(935)] handshake failed; returned -1, SSL error code 1, net_error -202
[1026/191615.156:ERROR:ssl_client_socket_impl.cc(935)] handshake failed; returned -1, SSL error code 1, net_error -202
[1026/191615.330:ERROR:ssl_client_socket_impl.cc(935)] handshake failed; returned -1, SSL error code 1, net_error -202
[1027/035508.779:WARNING:dns_config_service_win.cc(672)] Failed to read DnsConfig.
[1027/035508.780:WARNING:dns_config_service_win.cc(672)] Failed to read DnsConfig.
[1027/035513.782:WARNING:dns_config_service_win.cc(672)] Failed to read DnsConfig.
[1027/035513.783:WARNING:dns_config_service_win.cc(672)] Failed to read DnsConfig.
[1027/035519.756:WARNING:dns_config_service_win.cc(672)] Failed to read DnsConfig.
[1027/035519.797:WARNING:dns_config_service_win.cc(672)] Failed to read DnsConfig.
[1027/035524.759:WARNING:dns_config_service_win.cc(672)] Failed to read DnsConfig.
[1027/035524.799:WARNING:dns_config_service_win.cc(672)] Failed to read DnsConfig.
[1027/035529.762:WARNING:dns_config_service_win.cc(672)] Failed to read DnsConfig.
[1027/035529.802:WARNING:dns_config_service_win.cc(672)] Failed to read DnsConfig.
[1027/035534.766:WARNING:dns_config_service_win.cc(672)] Failed to read DnsConfig.
[1027/035534.805:WARNING:dns_config_service_win.cc(672)] Failed to read DnsConfig.
[1027/035539.771:WARNING:dns_config_service_win.cc(672)] Failed to read DnsConfig.
[1027/035539.809:WARNING:dns_config_service_win.cc(672)] Failed to read DnsConfig.
[1027/201556.581:ERROR:ssl_client_socket_impl.cc(935)] handshake failed; returned -1, SSL error code 1, net_error -202
[1028/235057.864:ERROR:ssl_client_socket_impl.cc(935)] handshake failed; returned -1, SSL error code 1, net_error -202
[1028/235058.173:ERROR:ssl_client_socket_impl.cc(935)] handshake failed; returned -1, SSL error code 1, net_error -202
[1028/235058.175:ERROR:ssl_client_socket_impl.cc(935)] handshake failed; returned -1, SSL error code 1, net_error -202
[1028/235058.181:ERROR:ssl_client_socket_impl.cc(935)] handshake failed; returned -1, SSL error code 1, net_error -202
[1028/235058.185:ERROR:ssl_client_socket_impl.cc(935)] handshake failed; returned -1, SSL error code 1, net_error -202
[1028/235058.190:ERROR:ssl_client_socket_impl.cc(935)] handshake failed; returned -1, SSL error code 1, net_error -202
[1028/235058.194:ERROR:ssl_client_socket_impl.cc(935)] handshake failed; returned -1, SSL error code 1, net_error -202
[1028/235058.198:ERROR:ssl_client_socket_impl.cc(935)] handshake failed; returned -1, SSL error code 1, net_error -202
[1028/235058.202:ERROR:ssl_client_socket_impl.cc(935)] handshake failed; returned -1, SSL error code 1, net_error -202
[1028/235058.207:ERROR:ssl_client_socket_impl.cc(935)] handshake failed; returned -1, SSL error code 1, net_error -202
[1028/235058.212:ERROR:ssl_client_socket_impl.cc(935)] handshake failed; returned -1, SSL error code 1, net_error -202
[1028/235058.216:ERROR:ssl_client_socket_impl.cc(935)] handshake failed; returned -1, SSL error code 1, net_error -202
[1028/235058.223:ERROR:ssl_client_socket_impl.cc(935)] handshake failed; returned -1, SSL error code 1, net_error -202
[1028/235058.230:ERROR:ssl_client_socket_impl.cc(935)] handshake failed; returned -1, SSL error code 1, net_error -202
[1028/235058.236:ERROR:ssl_client_socket_impl.cc(935)] handshake failed; returned -1, SSL error code 1, net_error -202
[1028/235058.716:INFO:CONSOLE(0)] "Uncaught (in promise) #<Object>", source: https://127.0.0.1:61003/login/passphrase?passphrase=23da89d9-4402-4ad0-8f64-3510d246c0db (0)
[1028/235058.735:ERROR:ssl_client_socket_impl.cc(935)] handshake failed; returned -1, SSL error code 1, net_error -202
[1028/235058.766:ERROR:ssl_client_socket_impl.cc(935)] handshake failed; returned -1, SSL error code 1, net_error -202
[1028/235058.995:INFO:CONSOLE(0)] "Access to XMLHttpRequest at 'https://software.intel.com/sites/products/vtune/news.json?id=1603954258891' from origin 'https://127.0.0.1:61003' has been blocked by CORS policy: Response to preflight request doesn't pass access control check: No 'Access-Control-Allow-Origin' header is present on the requested resource.", source: https://127.0.0.1:61003/extension-ui/Session-1-1603954256727?passphrase=23da89d9-4402-4ad0-8f64-3510d246c0db (0)
[1102/142923.726:ERROR:ssl_client_socket_impl.cc(935)] handshake failed; returned -1, SSL error code 1, net_error -202
[1102/142924.027:ERROR:ssl_client_socket_impl.cc(935)] handshake failed; returned -1, SSL error code 1, net_error -202
[1102/142924.028:ERROR:ssl_client_socket_impl.cc(935)] handshake failed; returned -1, SSL error code 1, net_error -202
[1102/142924.033:ERROR:ssl_client_socket_impl.cc(935)] handshake failed; returned -1, SSL error code 1, net_error -202
[1102/142924.038:ERROR:ssl_client_socket_impl.cc(935)] handshake failed; returned -1, SSL error code 1, net_error -202
[1102/142924.041:ERROR:ssl_client_socket_impl.cc(935)] handshake failed; returned -1, SSL error code 1, net_error -202
[1102/142924.045:ERROR:ssl_client_socket_impl.cc(935)] handshake failed; returned -1, SSL error code 1, net_error -202
[1102/142924.049:ERROR:ssl_client_socket_impl.cc(935)] handshake failed; returned -1, SSL error code 1, net_error -202
[1102/142924.055:ERROR:ssl_client_socket_impl.cc(935)] handshake failed; returned -1, SSL error code 1, net_error -202
[1102/142924.059:ERROR:ssl_client_socket_impl.cc(935)] handshake failed; returned -1, SSL error code 1, net_error -202
[1102/142924.063:ERROR:ssl_client_socket_impl.cc(935)] handshake failed; returned -1, SSL error code 1, net_error -202
[1102/142924.066:ERROR:ssl_client_socket_impl.cc(935)] handshake failed; returned -1, SSL error code 1, net_error -202
[1102/142924.072:ERROR:ssl_client_socket_impl.cc(935)] handshake failed; returned -1, SSL error code 1, net_error -202
[1102/142924.080:ERROR:ssl_client_socket_impl.cc(935)] handshake failed; returned -1, SSL error code 1, net_error -202
[1102/142924.085:ERROR:ssl_client_socket_impl.cc(935)] handshake failed; returned -1, SSL error code 1, net_error -202
[1102/142924.089:ERROR:ssl_client_socket_impl.cc(935)] handshake failed; returned -1, SSL error code 1, net_error -202
[1102/142924.582:INFO:CONSOLE(0)] "Uncaught (in promise) #<Object>", source: https://127.0.0.1:58684/login/passphrase?passphrase=8016b80f-9333-418f-beac-cc85f9939735 (0)
[1102/142924.596:ERROR:ssl_client_socket_impl.cc(935)] handshake failed; returned -1, SSL error code 1, net_error -202
[1102/142924.628:ERROR:ssl_client_socket_impl.cc(935)] handshake failed; returned -1, SSL error code 1, net_error -202
[1102/142924.771:ERROR:ssl_client_socket_impl.cc(935)] handshake failed; returned -1, SSL error code 1, net_error -202
[1102/144219.229:ERROR:ssl_client_socket_impl.cc(935)] handshake failed; returned -1, SSL error code 1, net_error -202
[1103/171057.384:ERROR:ssl_client_socket_impl.cc(935)] handshake failed; returned -1, SSL error code 1, net_error -202
[1103/171057.664:ERROR:ssl_client_socket_impl.cc(935)] handshake failed; returned -1, SSL error code 1, net_error -202
[1103/171057.666:ERROR:ssl_client_socket_impl.cc(935)] handshake failed; returned -1, SSL error code 1, net_error -202
[1103/171057.671:ERROR:ssl_client_socket_impl.cc(935)] handshake failed; returned -1, SSL error code 1, net_error -202
[1103/171057.674:ERROR:ssl_client_socket_impl.cc(935)] handshake failed; returned -1, SSL error code 1, net_error -202
[1103/171057.678:ERROR:ssl_client_socket_impl.cc(935)] handshake failed; returned -1, SSL error code 1, net_error -202
[1103/171057.686:ERROR:ssl_client_socket_impl.cc(935)] handshake failed; returned -1, SSL error code 1, net_error -202
[1103/171057.690:ERROR:ssl_client_socket_impl.cc(935)] handshake failed; returned -1, SSL error code 1, net_error -202
[1103/171057.696:ERROR:ssl_client_socket_impl.cc(935)] handshake failed; returned -1, SSL error code 1, net_error -202
[1103/171057.703:ERROR:ssl_client_socket_impl.cc(935)] handshake failed; returned -1, SSL error code 1, net_error -202
[1103/171057.708:ERROR:ssl_client_socket_impl.cc(935)] handshake failed; returned -1, SSL error code 1, net_error -202
[1103/171057.710:ERROR:ssl_client_socket_impl.cc(935)] handshake failed; returned -1, SSL error code 1, net_error -202
[1103/171058.190:INFO:CONSOLE(0)] "Uncaught (in promise) #<Object>", source: https://127.0.0.1:63146/login/passphrase?passphrase=54ec9e9a-68b3-4ac4-887a-f9ebe4b47673 (0)
[1103/171058.204:ERROR:ssl_client_socket_impl.cc(935)] handshake failed; returned -1, SSL error code 1, net_error -202
[1103/171058.234:ERROR:ssl_client_socket_impl.cc(935)] handshake failed; returned -1, SSL error code 1, net_error -202
[1103/171058.402:ERROR:ssl_client_socket_impl.cc(935)] handshake failed; returned -1, SSL error code 1, net_error -202
[1104/151854.153:WARNING:gpu_process_host.cc(1213)] The GPU process has crashed 1 time(s)
[1105/084037.984:ERROR:ssl_client_socket_impl.cc(935)] handshake failed; returned -1, SSL error code 1, net_error -202
[1105/084038.351:ERROR:ssl_client_socket_impl.cc(935)] handshake failed; returned -1, SSL error code 1, net_error -202
[1105/084038.353:ERROR:ssl_client_socket_impl.cc(935)] handshake failed; returned -1, SSL error code 1, net_error -202
[1105/084038.359:ERROR:ssl_client_socket_impl.cc(935)] handshake failed; returned -1, SSL error code 1, net_error -202
[1105/084038.364:ERROR:ssl_client_socket_impl.cc(935)] handshake failed; returned -1, SSL error code 1, net_error -202
[1105/084038.368:ERROR:ssl_client_socket_impl.cc(935)] handshake failed; returned -1, SSL error code 1, net_error -202
[1105/084038.382:ERROR:ssl_client_socket_impl.cc(935)] handshake failed; returned -1, SSL error code 1, net_error -202
[1105/084038.393:ERROR:ssl_client_socket_impl.cc(935)] handshake failed; returned -1, SSL error code 1, net_error -202
[1105/084038.395:ERROR:ssl_client_socket_impl.cc(935)] handshake failed; returned -1, SSL error code 1, net_error -202
[1105/084038.812:INFO:CONSOLE(0)] "Uncaught (in promise) #<Object>", source: https://127.0.0.1:58856/login/passphrase?passphrase=9533c968-c358-43b2-bf8a-052ffe3073a5 (0)
[1105/084038.829:ERROR:ssl_client_socket_impl.cc(935)] handshake failed; returned -1, SSL error code 1, net_error -202
[1105/084038.860:ERROR:ssl_client_socket_impl.cc(935)] handshake failed; returned -1, SSL error code 1, net_error -202
[1105/084038.975:ERROR:ssl_client_socket_impl.cc(935)] handshake failed; returned -1, SSL error code 1, net_error -202
[1105/084040.237:INFO:CONSOLE(68)] "[object Object]", source: https://127.0.0.1:58856/htmlutil/htmlutil-607630.js (68)
[1105/084040.237:INFO:CONSOLE(68)] "[object Object]", source: https://127.0.0.1:58856/htmlutil/htmlutil-607630.js (68)
[1105/084040.241:INFO:CONSOLE(68)] "[object Object]", source: https://127.0.0.1:58856/htmlutil/htmlutil-607630.js (68)
[1105/084040.241:INFO:CONSOLE(68)] "[object Object]", source: https://127.0.0.1:58856/htmlutil/htmlutil-607630.js (68)
[1105/135625.550:ERROR:ssl_client_socket_impl.cc(935)] handshake failed; returned -1, SSL error code 1, net_error -202
[1105/135626.132:ERROR:ssl_client_socket_impl.cc(935)] handshake failed; returned -1, SSL error code 1, net_error -202
[1105/135626.133:ERROR:ssl_client_socket_impl.cc(935)] handshake failed; returned -1, SSL error code 1, net_error -202
[1105/135626.138:ERROR:ssl_client_socket_impl.cc(935)] handshake failed; returned -1, SSL error code 1, net_error -202
[1105/135626.142:ERROR:ssl_client_socket_impl.cc(935)] handshake failed; returned -1, SSL error code 1, net_error -202
[1105/135626.146:ERROR:ssl_client_socket_impl.cc(935)] handshake failed; returned -1, SSL error code 1, net_error -202
[1105/135626.150:ERROR:ssl_client_socket_impl.cc(935)] handshake failed; returned -1, SSL error code 1, net_error -202
[1105/135626.154:ERROR:ssl_client_socket_impl.cc(935)] handshake failed; returned -1, SSL error code 1, net_error -202
[1105/135626.158:ERROR:ssl_client_socket_impl.cc(935)] handshake failed; returned -1, SSL error code 1, net_error -202
[1105/135626.162:ERROR:ssl_client_socket_impl.cc(935)] handshake failed; returned -1, SSL error code 1, net_error -202
[1105/135626.167:ERROR:ssl_client_socket_impl.cc(935)] handshake failed; returned -1, SSL error code 1, net_error -202
[1105/135626.170:ERROR:ssl_client_socket_impl.cc(935)] handshake failed; returned -1, SSL error code 1, net_error -202
[1105/135626.179:ERROR:ssl_client_socket_impl.cc(935)] handshake failed; returned -1, SSL error code 1, net_error -202
[1105/135626.183:ERROR:ssl_client_socket_impl.cc(935)] handshake failed; returned -1, SSL error code 1, net_error -202
[1105/135626.188:ERROR:ssl_client_socket_impl.cc(935)] handshake failed; returned -1, SSL error code 1, net_error -202
[1105/135626.620:ERROR:ssl_client_socket_impl.cc(935)] handshake failed; returned -1, SSL error code 1, net_error -202
[1105/135626.648:ERROR:ssl_client_socket_impl.cc(935)] handshake failed; returned -1, SSL error code 1, net_error -202
[1105/135626.767:ERROR:ssl_client_socket_impl.cc(935)] handshake failed; returned -1, SSL error code 1, net_error -202
[1105/135816.434:ERROR:ssl_client_socket_impl.cc(935)] handshake failed; returned -1, SSL error code 1, net_error -202
